mode: set
user-svc/internal/core/services/user.go:19.91,24.2 1 1
user-svc/internal/core/services/user.go:26.95,27.75 1 1
user-svc/internal/core/services/user.go:33.2,34.16 2 1
user-svc/internal/core/services/user.go:38.2,48.58 2 1
user-svc/internal/core/services/user.go:52.2,56.8 1 1
user-svc/internal/core/services/user.go:27.75,29.3 1 1
user-svc/internal/core/services/user.go:29.8,29.18 1 1
user-svc/internal/core/services/user.go:29.18,31.3 1 1
user-svc/internal/core/services/user.go:34.16,36.3 1 1
user-svc/internal/core/services/user.go:48.58,50.3 1 1
user-svc/internal/core/services/user.go:59.95,61.31 2 0
user-svc/internal/core/services/user.go:65.2,66.41 2 0
user-svc/internal/core/services/user.go:70.2,70.28 1 0
user-svc/internal/core/services/user.go:79.2,85.16 6 0
user-svc/internal/core/services/user.go:89.2,93.8 1 0
user-svc/internal/core/services/user.go:61.31,63.3 1 0
user-svc/internal/core/services/user.go:66.41,68.3 1 0
user-svc/internal/core/services/user.go:70.28,72.17 2 0
user-svc/internal/core/services/user.go:75.3,76.19 2 0
user-svc/internal/core/services/user.go:72.17,74.4 1 0
user-svc/internal/core/services/user.go:85.16,87.3 1 0
user-svc/internal/core/services/user.go:96.71,98.31 2 0
user-svc/internal/core/services/user.go:102.2,103.16 2 0
user-svc/internal/core/services/user.go:106.2,110.8 1 0
user-svc/internal/core/services/user.go:98.31,100.3 1 0
user-svc/internal/core/services/user.go:103.16,105.3 1 0
user-svc/internal/core/services/user.go:113.60,115.16 2 0
user-svc/internal/core/services/user.go:118.2,122.8 1 0
user-svc/internal/core/services/user.go:115.16,117.3 1 0
user-svc/internal/core/services/user.go:125.68,127.33 2 0
user-svc/internal/core/services/user.go:131.2,135.8 1 0
user-svc/internal/core/services/user.go:127.33,129.3 1 0
user-svc/internal/core/services/permission.go:17.95,21.2 1 0
user-svc/internal/core/services/permission.go:23.113,24.86 1 0
user-svc/internal/core/services/permission.go:30.2,37.76 2 0
user-svc/internal/core/services/permission.go:41.2,45.8 1 0
user-svc/internal/core/services/permission.go:24.86,26.3 1 0
user-svc/internal/core/services/permission.go:26.8,26.18 1 0
user-svc/internal/core/services/permission.go:26.18,28.3 1 0
user-svc/internal/core/services/permission.go:37.76,39.3 1 0
user-svc/internal/core/services/permission.go:48.113,50.37 2 0
user-svc/internal/core/services/permission.go:54.2,55.47 2 0
user-svc/internal/core/services/permission.go:59.2,63.16 4 0
user-svc/internal/core/services/permission.go:67.2,71.8 1 0
user-svc/internal/core/services/permission.go:50.37,52.3 1 0
user-svc/internal/core/services/permission.go:55.47,57.3 1 0
user-svc/internal/core/services/permission.go:63.16,65.3 1 0
user-svc/internal/core/services/permission.go:74.83,76.37 2 0
user-svc/internal/core/services/permission.go:80.2,81.16 2 0
user-svc/internal/core/services/permission.go:84.2,88.8 1 0
user-svc/internal/core/services/permission.go:76.37,78.3 1 0
user-svc/internal/core/services/permission.go:81.16,83.3 1 0
user-svc/internal/core/services/permission.go:91.72,93.16 2 0
user-svc/internal/core/services/permission.go:96.2,100.8 1 0
user-svc/internal/core/services/permission.go:93.16,95.3 1 0
user-svc/internal/core/services/permission.go:103.80,105.33 2 0
user-svc/internal/core/services/permission.go:109.2,113.8 1 0
user-svc/internal/core/services/permission.go:105.33,107.3 1 0
user-svc/internal/core/services/role.go:17.71,21.2 1 0
user-svc/internal/core/services/role.go:23.95,24.74 1 0
user-svc/internal/core/services/role.go:30.2,37.58 2 0
user-svc/internal/core/services/role.go:41.2,45.8 1 0
user-svc/internal/core/services/role.go:24.74,26.3 1 0
user-svc/internal/core/services/role.go:26.8,26.18 1 0
user-svc/internal/core/services/role.go:26.18,28.3 1 0
user-svc/internal/core/services/role.go:37.58,39.3 1 0
user-svc/internal/core/services/role.go:48.95,50.31 2 0
user-svc/internal/core/services/role.go:54.2,55.41 2 0
user-svc/internal/core/services/role.go:59.2,64.16 5 0
user-svc/internal/core/services/role.go:68.2,72.8 1 0
user-svc/internal/core/services/role.go:50.31,52.3 1 0
user-svc/internal/core/services/role.go:55.41,57.3 1 0
user-svc/internal/core/services/role.go:64.16,66.3 1 0
user-svc/internal/core/services/role.go:75.71,77.31 2 0
user-svc/internal/core/services/role.go:81.2,82.16 2 0
user-svc/internal/core/services/role.go:85.2,89.8 1 0
user-svc/internal/core/services/role.go:77.31,79.3 1 0
user-svc/internal/core/services/role.go:82.16,84.3 1 0
user-svc/internal/core/services/role.go:92.60,94.16 2 0
user-svc/internal/core/services/role.go:97.2,101.8 1 0
user-svc/internal/core/services/role.go:94.16,96.3 1 0
user-svc/internal/core/services/role.go:104.68,106.33 2 0
user-svc/internal/core/services/role.go:110.2,114.8 1 0
user-svc/internal/core/services/role.go:106.33,108.3 1 0
user-svc/internal/adapters/repository/postgres/base.go:15.52,22.16 4 1
user-svc/internal/adapters/repository/postgres/base.go:26.2,27.16 2 1
user-svc/internal/adapters/repository/postgres/base.go:31.2,36.3 3 1
user-svc/internal/adapters/repository/postgres/base.go:22.16,24.3 1 0
user-svc/internal/adapters/repository/postgres/base.go:27.16,29.3 1 0
user-svc/internal/adapters/repository/postgres/base.go:39.37,48.19 8 1
user-svc/internal/adapters/repository/postgres/base.go:52.2,52.12 1 1
user-svc/internal/adapters/repository/postgres/base.go:48.19,50.3 1 1
user-svc/internal/adapters/repository/postgres/permission.go:8.76,11.16 3 0
user-svc/internal/adapters/repository/postgres/permission.go:14.2,17.16 3 0
user-svc/internal/adapters/repository/postgres/permission.go:21.2,21.12 1 0
user-svc/internal/adapters/repository/postgres/permission.go:11.16,13.3 1 0
user-svc/internal/adapters/repository/postgres/permission.go:17.16,19.3 1 0
user-svc/internal/adapters/repository/postgres/permission.go:24.76,27.16 3 0
user-svc/internal/adapters/repository/postgres/permission.go:30.2,33.16 3 0
user-svc/internal/adapters/repository/postgres/permission.go:37.2,38.16 2 0
user-svc/internal/adapters/repository/postgres/permission.go:42.2,42.23 1 0
user-svc/internal/adapters/repository/postgres/permission.go:46.2,46.12 1 0
user-svc/internal/adapters/repository/postgres/permission.go:27.16,29.3 1 0
user-svc/internal/adapters/repository/postgres/permission.go:33.16,35.3 1 0
user-svc/internal/adapters/repository/postgres/permission.go:38.16,40.3 1 0
user-svc/internal/adapters/repository/postgres/permission.go:42.23,44.3 1 0
user-svc/internal/adapters/repository/postgres/permission.go:49.56,52.16 3 0
user-svc/internal/adapters/repository/postgres/permission.go:55.2,58.16 3 0
user-svc/internal/adapters/repository/postgres/permission.go:62.2,63.16 2 0
user-svc/internal/adapters/repository/postgres/permission.go:67.2,67.23 1 0
user-svc/internal/adapters/repository/postgres/permission.go:71.2,71.12 1 0
user-svc/internal/adapters/repository/postgres/permission.go:52.16,54.3 1 0
user-svc/internal/adapters/repository/postgres/permission.go:58.16,60.3 1 0
user-svc/internal/adapters/repository/postgres/permission.go:63.16,65.3 1 0
user-svc/internal/adapters/repository/postgres/permission.go:67.23,69.3 1 0
user-svc/internal/adapters/repository/postgres/permission.go:74.71,77.16 3 0
user-svc/internal/adapters/repository/postgres/permission.go:80.2,83.18 3 0
user-svc/internal/adapters/repository/postgres/permission.go:92.2,92.34 1 0
user-svc/internal/adapters/repository/postgres/permission.go:96.2,96.25 1 0
user-svc/internal/adapters/repository/postgres/permission.go:77.16,79.3 1 0
user-svc/internal/adapters/repository/postgres/permission.go:83.18,86.17 3 0
user-svc/internal/adapters/repository/postgres/permission.go:89.3,89.49 1 0
user-svc/internal/adapters/repository/postgres/permission.go:86.17,88.4 1 0
user-svc/internal/adapters/repository/postgres/permission.go:92.34,94.3 1 0
user-svc/internal/adapters/repository/postgres/permission.go:99.79,105.16 5 0
user-svc/internal/adapters/repository/postgres/permission.go:109.2,109.25 1 0
user-svc/internal/adapters/repository/postgres/permission.go:105.16,107.3 1 0
user-svc/internal/adapters/repository/postgres/permission.go:112.67,117.16 5 0
user-svc/internal/adapters/repository/postgres/permission.go:121.2,121.31 1 0
user-svc/internal/adapters/repository/postgres/permission.go:117.16,119.3 1 0
user-svc/internal/adapters/repository/postgres/permission.go:124.83,130.16 5 0
user-svc/internal/adapters/repository/postgres/permission.go:134.2,134.25 1 0
user-svc/internal/adapters/repository/postgres/permission.go:130.16,132.3 1 0
user-svc/internal/adapters/repository/postgres/role.go:8.58,11.16 3 0
user-svc/internal/adapters/repository/postgres/role.go:14.2,17.16 3 0
user-svc/internal/adapters/repository/postgres/role.go:21.2,21.12 1 0
user-svc/internal/adapters/repository/postgres/role.go:11.16,13.3 1 0
user-svc/internal/adapters/repository/postgres/role.go:17.16,19.3 1 0
user-svc/internal/adapters/repository/postgres/role.go:24.58,27.16 3 0
user-svc/internal/adapters/repository/postgres/role.go:30.2,33.16 3 0
user-svc/internal/adapters/repository/postgres/role.go:37.2,38.16 2 0
user-svc/internal/adapters/repository/postgres/role.go:42.2,42.23 1 0
user-svc/internal/adapters/repository/postgres/role.go:46.2,46.12 1 0
user-svc/internal/adapters/repository/postgres/role.go:27.16,29.3 1 0
user-svc/internal/adapters/repository/postgres/role.go:33.16,35.3 1 0
user-svc/internal/adapters/repository/postgres/role.go:38.16,40.3 1 0
user-svc/internal/adapters/repository/postgres/role.go:42.23,44.3 1 0
user-svc/internal/adapters/repository/postgres/role.go:49.50,52.16 3 0
user-svc/internal/adapters/repository/postgres/role.go:55.2,58.16 3 0
user-svc/internal/adapters/repository/postgres/role.go:62.2,63.16 2 0
user-svc/internal/adapters/repository/postgres/role.go:67.2,67.23 1 0
user-svc/internal/adapters/repository/postgres/role.go:71.2,71.12 1 0
user-svc/internal/adapters/repository/postgres/role.go:52.16,54.3 1 0
user-svc/internal/adapters/repository/postgres/role.go:58.16,60.3 1 0
user-svc/internal/adapters/repository/postgres/role.go:63.16,65.3 1 0
user-svc/internal/adapters/repository/postgres/role.go:67.23,69.3 1 0
user-svc/internal/adapters/repository/postgres/role.go:74.59,77.16 3 0
user-svc/internal/adapters/repository/postgres/role.go:80.2,83.18 3 0
user-svc/internal/adapters/repository/postgres/role.go:92.2,92.34 1 0
user-svc/internal/adapters/repository/postgres/role.go:96.2,96.19 1 0
user-svc/internal/adapters/repository/postgres/role.go:77.16,79.3 1 0
user-svc/internal/adapters/repository/postgres/role.go:83.18,86.17 3 0
user-svc/internal/adapters/repository/postgres/role.go:89.3,89.31 1 0
user-svc/internal/adapters/repository/postgres/role.go:86.17,88.4 1 0
user-svc/internal/adapters/repository/postgres/role.go:92.34,94.3 1 0
user-svc/internal/adapters/repository/postgres/role.go:99.67,105.16 5 0
user-svc/internal/adapters/repository/postgres/role.go:109.2,109.19 1 0
user-svc/internal/adapters/repository/postgres/role.go:105.16,107.3 1 0
user-svc/internal/adapters/repository/postgres/role.go:112.61,117.16 5 0
user-svc/internal/adapters/repository/postgres/role.go:121.2,121.31 1 0
user-svc/internal/adapters/repository/postgres/role.go:117.16,119.3 1 0
user-svc/internal/adapters/repository/postgres/role.go:124.71,130.16 5 0
user-svc/internal/adapters/repository/postgres/role.go:134.2,134.19 1 0
user-svc/internal/adapters/repository/postgres/role.go:130.16,132.3 1 0
user-svc/internal/adapters/repository/postgres/user.go:8.58,11.16 3 1
user-svc/internal/adapters/repository/postgres/user.go:14.2,17.16 3 1
user-svc/internal/adapters/repository/postgres/user.go:21.2,21.12 1 1
user-svc/internal/adapters/repository/postgres/user.go:11.16,13.3 1 1
user-svc/internal/adapters/repository/postgres/user.go:17.16,19.3 1 1
user-svc/internal/adapters/repository/postgres/user.go:24.58,27.16 3 1
user-svc/internal/adapters/repository/postgres/user.go:30.2,33.16 3 1
user-svc/internal/adapters/repository/postgres/user.go:37.2,38.16 2 1
user-svc/internal/adapters/repository/postgres/user.go:42.2,42.23 1 1
user-svc/internal/adapters/repository/postgres/user.go:46.2,46.12 1 1
user-svc/internal/adapters/repository/postgres/user.go:27.16,29.3 1 1
user-svc/internal/adapters/repository/postgres/user.go:33.16,35.3 1 1
user-svc/internal/adapters/repository/postgres/user.go:38.16,40.3 1 0
user-svc/internal/adapters/repository/postgres/user.go:42.23,44.3 1 1
user-svc/internal/adapters/repository/postgres/user.go:49.50,52.16 3 1
user-svc/internal/adapters/repository/postgres/user.go:55.2,58.16 3 1
user-svc/internal/adapters/repository/postgres/user.go:62.2,63.16 2 1
user-svc/internal/adapters/repository/postgres/user.go:67.2,67.23 1 1
user-svc/internal/adapters/repository/postgres/user.go:71.2,71.12 1 1
user-svc/internal/adapters/repository/postgres/user.go:52.16,54.3 1 1
user-svc/internal/adapters/repository/postgres/user.go:58.16,60.3 1 1
user-svc/internal/adapters/repository/postgres/user.go:63.16,65.3 1 0
user-svc/internal/adapters/repository/postgres/user.go:67.23,69.3 1 1
user-svc/internal/adapters/repository/postgres/user.go:74.60,77.16 3 1
user-svc/internal/adapters/repository/postgres/user.go:80.2,83.18 3 1
user-svc/internal/adapters/repository/postgres/user.go:92.2,92.34 1 1
user-svc/internal/adapters/repository/postgres/user.go:96.2,96.19 1 1
user-svc/internal/adapters/repository/postgres/user.go:77.16,79.3 1 1
user-svc/internal/adapters/repository/postgres/user.go:83.18,86.17 3 1
user-svc/internal/adapters/repository/postgres/user.go:89.3,89.31 1 1
user-svc/internal/adapters/repository/postgres/user.go:86.17,88.4 1 1
user-svc/internal/adapters/repository/postgres/user.go:92.34,94.3 1 0
user-svc/internal/adapters/repository/postgres/user.go:99.67,105.16 5 1
user-svc/internal/adapters/repository/postgres/user.go:109.2,109.19 1 1
user-svc/internal/adapters/repository/postgres/user.go:105.16,107.3 1 0
user-svc/internal/adapters/repository/postgres/user.go:112.73,118.16 5 1
user-svc/internal/adapters/repository/postgres/user.go:122.2,122.19 1 1
user-svc/internal/adapters/repository/postgres/user.go:118.16,120.3 1 0
user-svc/internal/adapters/repository/postgres/user.go:125.62,130.16 5 1
user-svc/internal/adapters/repository/postgres/user.go:134.2,134.31 1 1
user-svc/internal/adapters/repository/postgres/user.go:130.16,132.3 1 0
